2024-12-01 00:46:49,350 - INFO - [__main__] - === Starting Deployment Process ===
File "/home/runner/MediTrackPlus/deploy.py", line 293, in main

2024-12-01 00:46:49,350 - INFO - [__main__] - Deployment ID: 20241201_004649
File "/home/runner/MediTrackPlus/deploy.py", line 294, in main

2024-12-01 00:46:49,351 - INFO - [__main__] - Performing initial dependency check...
File "/home/runner/MediTrackPlus/deploy.py", line 297, in main

2024-12-01 00:46:49,351 - INFO - [__main__] - === Checking Service Dependencies ===
File "/home/runner/MediTrackPlus/deploy.py", line 34, in check_service_dependencies

2024-12-01 00:46:49,699 - INFO - [__main__] - Database connection: OK
File "/home/runner/MediTrackPlus/deploy.py", line 48, in check_service_dependencies

2024-12-01 00:46:49,700 - INFO - [__main__] - File system access: OK
File "/home/runner/MediTrackPlus/deploy.py", line 59, in check_service_dependencies

2024-12-01 00:46:49,700 - INFO - [__main__] - Port 3000 is available
File "/home/runner/MediTrackPlus/deploy.py", line 182, in check_port_availability

2024-12-01 00:46:49,701 - INFO - [__main__] - Environment variables: OK
File "/home/runner/MediTrackPlus/deploy.py", line 71, in check_service_dependencies

2024-12-01 00:46:49,701 - INFO - [__main__] - === Dependencies Status Summary ===
File "/home/runner/MediTrackPlus/deploy.py", line 76, in check_service_dependencies

2024-12-01 00:46:49,701 - INFO - [__main__] - Database: ✓
File "/home/runner/MediTrackPlus/deploy.py", line 78, in check_service_dependencies

2024-12-01 00:46:49,701 - INFO - [__main__] - File System: ✓
File "/home/runner/MediTrackPlus/deploy.py", line 78, in check_service_dependencies

2024-12-01 00:46:49,701 - INFO - [__main__] - Port Availability: ✓
File "/home/runner/MediTrackPlus/deploy.py", line 78, in check_service_dependencies

2024-12-01 00:46:49,701 - INFO - [__main__] - Environment: ✓
File "/home/runner/MediTrackPlus/deploy.py", line 78, in check_service_dependencies

2024-12-01 00:46:49,701 - INFO - [__main__] - === Executing: Checking environment variables ===
File "/home/runner/MediTrackPlus/deploy.py", line 322, in main

2024-12-01 00:46:49,702 - INFO - [__main__] - Started at: 00:46:49
File "/home/runner/MediTrackPlus/deploy.py", line 323, in main

2024-12-01 00:46:49,702 - INFO - [__main__] - All required environment variables are set
File "/home/runner/MediTrackPlus/deploy.py", line 98, in check_environment_variables

2024-12-01 00:46:49,702 - INFO - [__main__] - Completed at: 00:46:49
File "/home/runner/MediTrackPlus/deploy.py", line 331, in main

2024-12-01 00:46:49,702 - INFO - [__main__] - === Executing: Verifying database connection ===
File "/home/runner/MediTrackPlus/deploy.py", line 322, in main

2024-12-01 00:46:49,702 - INFO - [__main__] - Started at: 00:46:49
File "/home/runner/MediTrackPlus/deploy.py", line 323, in main

2024-12-01 00:46:49,702 - INFO - [__main__] - Verifying database connection...
File "/home/runner/MediTrackPlus/deploy.py", line 104, in verify_database_connection

2024-12-01 00:46:50,048 - INFO - [__main__] - Database connection successful
File "/home/runner/MediTrackPlus/deploy.py", line 107, in verify_database_connection

2024-12-01 00:46:50,048 - INFO - [__main__] - Completed at: 00:46:50
File "/home/runner/MediTrackPlus/deploy.py", line 331, in main

2024-12-01 00:46:50,048 - INFO - [__main__] - === Executing: Setting up database ===
File "/home/runner/MediTrackPlus/deploy.py", line 322, in main

2024-12-01 00:46:50,048 - INFO - [__main__] - Started at: 00:46:50
File "/home/runner/MediTrackPlus/deploy.py", line 323, in main

2024-12-01 00:46:50,049 - INFO - [__main__] - Setting up database...
File "/home/runner/MediTrackPlus/deploy.py", line 116, in setup_database

2024-12-01 00:46:51,761 - INFO - [__main__] - Database setup completed successfully
File "/home/runner/MediTrackPlus/deploy.py", line 130, in setup_database

2024-12-01 00:46:51,762 - INFO - [__main__] - Completed at: 00:46:51
File "/home/runner/MediTrackPlus/deploy.py", line 331, in main

2024-12-01 00:46:51,763 - INFO - [__main__] - === Executing: Creating upload directories ===
File "/home/runner/MediTrackPlus/deploy.py", line 322, in main

2024-12-01 00:46:51,763 - INFO - [__main__] - Started at: 00:46:51
File "/home/runner/MediTrackPlus/deploy.py", line 323, in main

2024-12-01 00:46:51,763 - INFO - [__main__] - Creating upload directories...
File "/home/runner/MediTrackPlus/deploy.py", line 145, in create_upload_directories

2024-12-01 00:46:51,763 - INFO - [__main__] - Created directory: static/uploads
File "/home/runner/MediTrackPlus/deploy.py", line 152, in create_upload_directories

2024-12-01 00:46:51,763 - INFO - [__main__] - Created directory: static/uploads/prescriptions
File "/home/runner/MediTrackPlus/deploy.py", line 152, in create_upload_directories

2024-12-01 00:46:51,764 - INFO - [__main__] - Completed at: 00:46:51
File "/home/runner/MediTrackPlus/deploy.py", line 331, in main

2024-12-01 00:46:51,764 - INFO - [__main__] - === Executing: Updating run configuration ===
File "/home/runner/MediTrackPlus/deploy.py", line 322, in main

2024-12-01 00:46:51,764 - INFO - [__main__] - Started at: 00:46:51
File "/home/runner/MediTrackPlus/deploy.py", line 323, in main

2024-12-01 00:46:51,764 - INFO - [__main__] - Updating run configuration...
File "/home/runner/MediTrackPlus/deploy.py", line 161, in update_run_configuration

2024-12-01 00:46:51,764 - INFO - [__main__] - Run configuration updated successfully
File "/home/runner/MediTrackPlus/deploy.py", line 170, in update_run_configuration

2024-12-01 00:46:51,764 - INFO - [__main__] - Completed at: 00:46:51
File "/home/runner/MediTrackPlus/deploy.py", line 331, in main

2024-12-01 00:46:51,764 - INFO - [__main__] - === Executing: Starting Flask application ===
File "/home/runner/MediTrackPlus/deploy.py", line 322, in main

2024-12-01 00:46:51,764 - INFO - [__main__] - Started at: 00:46:51
File "/home/runner/MediTrackPlus/deploy.py", line 323, in main

2024-12-01 00:46:51,765 - INFO - [__main__] - Starting Flask application...
File "/home/runner/MediTrackPlus/deploy.py", line 191, in start_flask_application

2024-12-01 00:46:51,765 - ERROR - [__main__] - Failed to start Flask application: No module named 'workflows_set_run_config_tool'
File "/home/runner/MediTrackPlus/deploy.py", line 201, in start_flask_application

2024-12-01 00:46:51,765 - ERROR - [__main__] - Stack trace:
File "/home/runner/MediTrackPlus/deploy.py", line 202, in start_flask_application
Traceback (most recent call last):
  File "/home/runner/MediTrackPlus/deploy.py", line 192, in start_flask_application
    from workflows_set_run_config_tool import workflows_set_run_config_tool
ModuleNotFoundError: No module named 'workflows_set_run_config_tool'
2024-12-01 00:46:51,766 - ERROR - [__main__] - Step failed: Starting Flask application
File "/home/runner/MediTrackPlus/deploy.py", line 326, in main

2024-12-01 00:46:51,766 - ERROR - [__main__] - === Deployment Failed ===
File "/home/runner/MediTrackPlus/deploy.py", line 349, in main

2024-12-01 00:46:51,766 - ERROR - [__main__] - Failed Steps:
File "/home/runner/MediTrackPlus/deploy.py", line 350, in main

2024-12-01 00:46:51,766 - ERROR - [__main__] - ✗ Starting Flask application
File "/home/runner/MediTrackPlus/deploy.py", line 352, in main

2024-12-01 00:46:51,770 - ERROR - [__main__] - 
Please check the detailed logs in debug_20241201_004651.log
File "/home/runner/MediTrackPlus/deploy.py", line 353, in main

