2024-12-01 00:47:10,600 - INFO - [__main__] - === Starting Deployment Process ===
File "/home/runner/MediTrackPlus/deploy.py", line 310, in main

2024-12-01 00:47:10,600 - INFO - [__main__] - Deployment ID: 20241201_004710
File "/home/runner/MediTrackPlus/deploy.py", line 311, in main

2024-12-01 00:47:10,600 - INFO - [__main__] - Performing initial dependency check...
File "/home/runner/MediTrackPlus/deploy.py", line 314, in main

2024-12-01 00:47:10,600 - INFO - [__main__] - === Checking Service Dependencies ===
File "/home/runner/MediTrackPlus/deploy.py", line 34, in check_service_dependencies

2024-12-01 00:47:10,948 - INFO - [__main__] - Database connection: OK
File "/home/runner/MediTrackPlus/deploy.py", line 48, in check_service_dependencies

2024-12-01 00:47:10,952 - INFO - [__main__] - File system access: OK
File "/home/runner/MediTrackPlus/deploy.py", line 59, in check_service_dependencies

2024-12-01 00:47:10,952 - INFO - [__main__] - Port 3000 is available
File "/home/runner/MediTrackPlus/deploy.py", line 199, in check_port_availability

2024-12-01 00:47:10,953 - INFO - [__main__] - Environment variables: OK
File "/home/runner/MediTrackPlus/deploy.py", line 71, in check_service_dependencies

2024-12-01 00:47:10,953 - INFO - [__main__] - === Dependencies Status Summary ===
File "/home/runner/MediTrackPlus/deploy.py", line 76, in check_service_dependencies

2024-12-01 00:47:10,954 - INFO - [__main__] - Database: ✓
File "/home/runner/MediTrackPlus/deploy.py", line 78, in check_service_dependencies

2024-12-01 00:47:10,954 - INFO - [__main__] - File System: ✓
File "/home/runner/MediTrackPlus/deploy.py", line 78, in check_service_dependencies

2024-12-01 00:47:10,955 - INFO - [__main__] - Port Availability: ✓
File "/home/runner/MediTrackPlus/deploy.py", line 78, in check_service_dependencies

2024-12-01 00:47:10,955 - INFO - [__main__] - Environment: ✓
File "/home/runner/MediTrackPlus/deploy.py", line 78, in check_service_dependencies

2024-12-01 00:47:10,956 - INFO - [__main__] - === Executing: Checking environment variables ===
File "/home/runner/MediTrackPlus/deploy.py", line 339, in main

2024-12-01 00:47:10,957 - INFO - [__main__] - Started at: 00:47:10
File "/home/runner/MediTrackPlus/deploy.py", line 340, in main

2024-12-01 00:47:10,958 - INFO - [__main__] - All required environment variables are set
File "/home/runner/MediTrackPlus/deploy.py", line 98, in check_environment_variables

2024-12-01 00:47:10,958 - INFO - [__main__] - Completed at: 00:47:10
File "/home/runner/MediTrackPlus/deploy.py", line 348, in main

2024-12-01 00:47:10,959 - INFO - [__main__] - === Executing: Verifying database connection ===
File "/home/runner/MediTrackPlus/deploy.py", line 339, in main

2024-12-01 00:47:10,959 - INFO - [__main__] - Started at: 00:47:10
File "/home/runner/MediTrackPlus/deploy.py", line 340, in main

2024-12-01 00:47:10,960 - INFO - [__main__] - Verifying database connection...
File "/home/runner/MediTrackPlus/deploy.py", line 104, in verify_database_connection

2024-12-01 00:47:11,318 - INFO - [__main__] - Database connection successful
File "/home/runner/MediTrackPlus/deploy.py", line 107, in verify_database_connection

2024-12-01 00:47:11,318 - INFO - [__main__] - Completed at: 00:47:11
File "/home/runner/MediTrackPlus/deploy.py", line 348, in main

2024-12-01 00:47:11,318 - INFO - [__main__] - === Executing: Setting up database ===
File "/home/runner/MediTrackPlus/deploy.py", line 339, in main

2024-12-01 00:47:11,319 - INFO - [__main__] - Started at: 00:47:11
File "/home/runner/MediTrackPlus/deploy.py", line 340, in main

2024-12-01 00:47:11,319 - INFO - [__main__] - Setting up database...
File "/home/runner/MediTrackPlus/deploy.py", line 116, in setup_database

