2024-12-01 00:47:12,259 - INFO - [__main__] - === Starting Deployment Process ===
2024-12-01 00:47:12,259 - INFO - [__main__] - Deployment ID: 20241201_004712
2024-12-01 00:47:12,259 - INFO - [__main__] - Performing initial dependency check...
2024-12-01 00:47:12,259 - INFO - [__main__] - === Checking Service Dependencies ===
2024-12-01 00:47:12,605 - INFO - [__main__] - Database connection: OK
2024-12-01 00:47:12,606 - INFO - [__main__] - File system access: OK
2024-12-01 00:47:12,606 - INFO - [__main__] - Port 3000 is available
2024-12-01 00:47:12,606 - INFO - [__main__] - Environment variables: OK
2024-12-01 00:47:12,606 - INFO - [__main__] - === Dependencies Status Summary ===
2024-12-01 00:47:12,607 - INFO - [__main__] - Database: ✓
2024-12-01 00:47:12,607 - INFO - [__main__] - File System: ✓
2024-12-01 00:47:12,607 - INFO - [__main__] - Port Availability: ✓
2024-12-01 00:47:12,607 - INFO - [__main__] - Environment: ✓
2024-12-01 00:47:12,607 - INFO - [__main__] - === Executing: Checking environment variables ===
2024-12-01 00:47:12,607 - INFO - [__main__] - Started at: 00:47:12
2024-12-01 00:47:12,607 - INFO - [__main__] - All required environment variables are set
2024-12-01 00:47:12,608 - INFO - [__main__] - Completed at: 00:47:12
2024-12-01 00:47:12,608 - INFO - [__main__] - === Executing: Verifying database connection ===
2024-12-01 00:47:12,608 - INFO - [__main__] - Started at: 00:47:12
2024-12-01 00:47:12,608 - INFO - [__main__] - Verifying database connection...
2024-12-01 00:47:12,954 - INFO - [__main__] - Database connection successful
2024-12-01 00:47:12,954 - INFO - [__main__] - Completed at: 00:47:12
2024-12-01 00:47:12,954 - INFO - [__main__] - === Executing: Setting up database ===
2024-12-01 00:47:12,954 - INFO - [__main__] - Started at: 00:47:12
2024-12-01 00:47:12,954 - INFO - [__main__] - Setting up database...
2024-12-01 00:47:14,360 - INFO - [__main__] - Database connection test successful
2024-12-01 00:47:15,105 - INFO - [__main__] - Database tables created successfully
2024-12-01 00:47:15,160 - INFO - [__main__] - Database setup completed successfully
2024-12-01 00:47:15,162 - INFO - [__main__] - Completed at: 00:47:15
2024-12-01 00:47:15,162 - INFO - [__main__] - === Executing: Creating upload directories ===
2024-12-01 00:47:15,162 - INFO - [__main__] - Started at: 00:47:15
2024-12-01 00:47:15,162 - INFO - [__main__] - Creating upload directories...
2024-12-01 00:47:15,162 - INFO - [__main__] - Created directory: static/uploads
2024-12-01 00:47:15,163 - INFO - [__main__] - Created directory: static/uploads/prescriptions
2024-12-01 00:47:15,163 - INFO - [__main__] - Completed at: 00:47:15
2024-12-01 00:47:15,163 - INFO - [__main__] - === Executing: Updating run configuration ===
2024-12-01 00:47:15,163 - INFO - [__main__] - Started at: 00:47:15
2024-12-01 00:47:15,164 - INFO - [__main__] - Updating run configuration...
2024-12-01 00:47:15,164 - INFO - [__main__] - Run configuration updated successfully
2024-12-01 00:47:15,165 - INFO - [__main__] - Completed at: 00:47:15
2024-12-01 00:47:15,165 - INFO - [__main__] - === Executing: Starting Flask application ===
2024-12-01 00:47:15,165 - INFO - [__main__] - Started at: 00:47:15
2024-12-01 00:47:15,165 - INFO - [__main__] - Starting Flask application...
2024-12-01 00:47:15,165 - ERROR - [__main__] - Failed to start Flask application: No module named 'workflows_set_run_config_tool'
2024-12-01 00:47:15,166 - ERROR - [__main__] - Stack trace:
Traceback (most recent call last):
  File "/home/runner/MediTrackPlus/deploy.py", line 209, in start_flask_application
    from workflows_set_run_config_tool import workflows_set_run_config_tool
ModuleNotFoundError: No module named 'workflows_set_run_config_tool'
2024-12-01 00:47:15,166 - ERROR - [__main__] - Step failed: Starting Flask application
2024-12-01 00:47:15,167 - ERROR - [__main__] - === Deployment Failed ===
2024-12-01 00:47:15,167 - ERROR - [__main__] - Failed Steps:
2024-12-01 00:47:15,167 - ERROR - [__main__] - ✗ Starting Flask application
2024-12-01 00:47:15,167 - ERROR - [__main__] - 
Please check the detailed logs in debug_20241201_004715.log
