2024-12-01 00:46:14,910 - INFO - [__main__] - === Starting Deployment Process ===
2024-12-01 00:46:14,910 - INFO - [__main__] - Deployment ID: 20241201_004614
2024-12-01 00:46:14,910 - INFO - [__main__] - Performing initial dependency check...
2024-12-01 00:46:14,910 - INFO - [__main__] - === Checking Service Dependencies ===
2024-12-01 00:46:15,262 - INFO - [__main__] - Database connection: OK
2024-12-01 00:46:15,263 - INFO - [__main__] - File system access: OK
2024-12-01 00:46:15,263 - INFO - [__main__] - Port 3000 is available
2024-12-01 00:46:15,263 - INFO - [__main__] - Environment variables: OK
2024-12-01 00:46:15,263 - INFO - [__main__] - === Dependencies Status Summary ===
2024-12-01 00:46:15,263 - INFO - [__main__] - Database: ✓
2024-12-01 00:46:15,264 - INFO - [__main__] - File System: ✓
2024-12-01 00:46:15,264 - INFO - [__main__] - Port Availability: ✓
2024-12-01 00:46:15,264 - INFO - [__main__] - Environment: ✓
2024-12-01 00:46:15,264 - INFO - [__main__] - === Executing: Checking environment variables ===
2024-12-01 00:46:15,264 - INFO - [__main__] - Started at: 00:46:15
2024-12-01 00:46:15,264 - INFO - [__main__] - All required environment variables are set
2024-12-01 00:46:15,264 - INFO - [__main__] - Completed at: 00:46:15
2024-12-01 00:46:15,264 - INFO - [__main__] - === Executing: Verifying database connection ===
2024-12-01 00:46:15,264 - INFO - [__main__] - Started at: 00:46:15
2024-12-01 00:46:15,265 - INFO - [__main__] - Verifying database connection...
2024-12-01 00:46:15,609 - INFO - [__main__] - Database connection successful
2024-12-01 00:46:15,610 - INFO - [__main__] - Completed at: 00:46:15
2024-12-01 00:46:15,616 - INFO - [__main__] - === Executing: Setting up database ===
2024-12-01 00:46:15,617 - INFO - [__main__] - Started at: 00:46:15
2024-12-01 00:46:15,617 - INFO - [__main__] - Setting up database...
2024-12-01 00:46:17,335 - INFO - [__main__] - Database setup completed successfully
2024-12-01 00:46:17,336 - INFO - [__main__] - Completed at: 00:46:17
2024-12-01 00:46:17,336 - INFO - [__main__] - === Executing: Creating upload directories ===
2024-12-01 00:46:17,336 - INFO - [__main__] - Started at: 00:46:17
2024-12-01 00:46:17,336 - INFO - [__main__] - Creating upload directories...
2024-12-01 00:46:17,337 - INFO - [__main__] - Created directory: static/uploads
2024-12-01 00:46:17,337 - INFO - [__main__] - Created directory: static/uploads/prescriptions
2024-12-01 00:46:17,337 - INFO - [__main__] - Completed at: 00:46:17
2024-12-01 00:46:17,337 - INFO - [__main__] - === Executing: Updating run configuration ===
2024-12-01 00:46:17,337 - INFO - [__main__] - Started at: 00:46:17
2024-12-01 00:46:17,338 - INFO - [__main__] - Updating run configuration...
2024-12-01 00:46:17,338 - INFO - [__main__] - Run configuration updated successfully
2024-12-01 00:46:17,338 - INFO - [__main__] - Completed at: 00:46:17
2024-12-01 00:46:17,338 - INFO - [__main__] - === Executing: Verifying application status ===
2024-12-01 00:46:17,339 - INFO - [__main__] - Started at: 00:46:17
2024-12-01 00:46:17,339 - INFO - [__main__] - === Starting Application Verification ===
2024-12-01 00:46:17,339 - INFO - [__main__] - Stage 1: Initial connection check
2024-12-01 00:46:17,339 - INFO - [__main__] - Attempt 1/5 - Checking main endpoint
2024-12-01 00:46:17,342 - ERROR - [__main__] - Attempt 1: Connection error: HTTPConnectionPool(host='localhost', port=3000): Max retries exceeded with url: / (Caused by NewConnectionError('<urllib3.connection.HTTPConnection object at 0x7efd703c5c50>: Failed to establish a new connection: [Errno 111] Connection refused'))
2024-12-01 00:46:17,343 - INFO - [__main__] - Retrying in 2 seconds...
2024-12-01 00:46:19,343 - INFO - [__main__] - Attempt 2/5 - Checking main endpoint
2024-12-01 00:46:19,347 - ERROR - [__main__] - Attempt 2: Connection error: HTTPConnectionPool(host='localhost', port=3000): Max retries exceeded with url: / (Caused by NewConnectionError('<urllib3.connection.HTTPConnection object at 0x7efd6ff2ee10>: Failed to establish a new connection: [Errno 111] Connection refused'))
2024-12-01 00:46:19,347 - INFO - [__main__] - Retrying in 4 seconds...
