2024-12-01 00:46:49,350 - INFO - [__main__] - === Starting Deployment Process ===
2024-12-01 00:46:49,350 - INFO - [__main__] - Deployment ID: 20241201_004649
2024-12-01 00:46:49,351 - INFO - [__main__] - Performing initial dependency check...
2024-12-01 00:46:49,351 - INFO - [__main__] - === Checking Service Dependencies ===
2024-12-01 00:46:49,699 - INFO - [__main__] - Database connection: OK
2024-12-01 00:46:49,700 - INFO - [__main__] - File system access: OK
2024-12-01 00:46:49,700 - INFO - [__main__] - Port 3000 is available
2024-12-01 00:46:49,701 - INFO - [__main__] - Environment variables: OK
2024-12-01 00:46:49,701 - INFO - [__main__] - === Dependencies Status Summary ===
2024-12-01 00:46:49,701 - INFO - [__main__] - Database: ✓
2024-12-01 00:46:49,701 - INFO - [__main__] - File System: ✓
2024-12-01 00:46:49,701 - INFO - [__main__] - Port Availability: ✓
2024-12-01 00:46:49,701 - INFO - [__main__] - Environment: ✓
2024-12-01 00:46:49,701 - INFO - [__main__] - === Executing: Checking environment variables ===
2024-12-01 00:46:49,702 - INFO - [__main__] - Started at: 00:46:49
2024-12-01 00:46:49,702 - INFO - [__main__] - All required environment variables are set
2024-12-01 00:46:49,702 - INFO - [__main__] - Completed at: 00:46:49
2024-12-01 00:46:49,702 - INFO - [__main__] - === Executing: Verifying database connection ===
2024-12-01 00:46:49,702 - INFO - [__main__] - Started at: 00:46:49
2024-12-01 00:46:49,702 - INFO - [__main__] - Verifying database connection...
2024-12-01 00:46:50,048 - INFO - [__main__] - Database connection successful
2024-12-01 00:46:50,048 - INFO - [__main__] - Completed at: 00:46:50
2024-12-01 00:46:50,048 - INFO - [__main__] - === Executing: Setting up database ===
2024-12-01 00:46:50,048 - INFO - [__main__] - Started at: 00:46:50
2024-12-01 00:46:50,049 - INFO - [__main__] - Setting up database...
2024-12-01 00:46:51,761 - INFO - [__main__] - Database setup completed successfully
2024-12-01 00:46:51,762 - INFO - [__main__] - Completed at: 00:46:51
2024-12-01 00:46:51,763 - INFO - [__main__] - === Executing: Creating upload directories ===
2024-12-01 00:46:51,763 - INFO - [__main__] - Started at: 00:46:51
2024-12-01 00:46:51,763 - INFO - [__main__] - Creating upload directories...
2024-12-01 00:46:51,763 - INFO - [__main__] - Created directory: static/uploads
2024-12-01 00:46:51,763 - INFO - [__main__] - Created directory: static/uploads/prescriptions
2024-12-01 00:46:51,764 - INFO - [__main__] - Completed at: 00:46:51
2024-12-01 00:46:51,764 - INFO - [__main__] - === Executing: Updating run configuration ===
2024-12-01 00:46:51,764 - INFO - [__main__] - Started at: 00:46:51
2024-12-01 00:46:51,764 - INFO - [__main__] - Updating run configuration...
2024-12-01 00:46:51,764 - INFO - [__main__] - Run configuration updated successfully
2024-12-01 00:46:51,764 - INFO - [__main__] - Completed at: 00:46:51
2024-12-01 00:46:51,764 - INFO - [__main__] - === Executing: Starting Flask application ===
2024-12-01 00:46:51,764 - INFO - [__main__] - Started at: 00:46:51
2024-12-01 00:46:51,765 - INFO - [__main__] - Starting Flask application...
2024-12-01 00:46:51,765 - ERROR - [__main__] - Failed to start Flask application: No module named 'workflows_set_run_config_tool'
2024-12-01 00:46:51,765 - ERROR - [__main__] - Stack trace:
Traceback (most recent call last):
  File "/home/runner/MediTrackPlus/deploy.py", line 192, in start_flask_application
    from workflows_set_run_config_tool import workflows_set_run_config_tool
ModuleNotFoundError: No module named 'workflows_set_run_config_tool'
2024-12-01 00:46:51,766 - ERROR - [__main__] - Step failed: Starting Flask application
2024-12-01 00:46:51,766 - ERROR - [__main__] - === Deployment Failed ===
2024-12-01 00:46:51,766 - ERROR - [__main__] - Failed Steps:
2024-12-01 00:46:51,766 - ERROR - [__main__] - ✗ Starting Flask application
2024-12-01 00:46:51,770 - ERROR - [__main__] - 
Please check the detailed logs in debug_20241201_004651.log
