2024-12-01 00:42:46,769 - INFO - Starting deployment process...
2024-12-01 00:42:46,770 - INFO - === Checking environment variables ===
2024-12-01 00:42:46,770 - INFO - All required environment variables are set
2024-12-01 00:42:46,770 - INFO - === Verifying database connection ===
2024-12-01 00:42:46,770 - INFO - Verifying database connection...
2024-12-01 00:42:47,152 - INFO - Database connection successful
2024-12-01 00:42:47,152 - INFO - === Setting up database ===
2024-12-01 00:42:47,152 - INFO - Setting up database...
2024-12-01 00:42:48,914 - INFO - Database setup completed successfully
2024-12-01 00:42:48,915 - INFO - === Creating upload directories ===
2024-12-01 00:42:48,915 - INFO - Creating upload directories...
2024-12-01 00:42:48,915 - INFO - Created directory: static/uploads
2024-12-01 00:42:48,915 - INFO - Created directory: static/uploads/prescriptions
2024-12-01 00:42:48,915 - INFO - === Updating run configuration ===
2024-12-01 00:42:48,916 - INFO - Updating run configuration...
2024-12-01 00:42:48,916 - INFO - Run configuration updated successfully
2024-12-01 00:42:48,916 - INFO - === Verifying application status ===
2024-12-01 00:42:48,916 - INFO - Verifying application status...
2024-12-01 00:42:48,948 - INFO - Application is running successfully
2024-12-01 00:42:48,949 - INFO - === Deployment completed successfully ===
2024-12-01 00:42:48,949 - INFO - The application is ready to run on Replit!
2024-12-01 00:42:48,949 - INFO - Access it through the provided URL in your Replit workspace.
