2024-12-01 00:42:28,314 - INFO - Starting deployment process...
2024-12-01 00:42:28,314 - INFO - === Checking environment variables ===
2024-12-01 00:42:28,314 - INFO - All required environment variables are set
2024-12-01 00:42:28,314 - INFO - === Verifying database connection ===
2024-12-01 00:42:28,314 - INFO - Verifying database connection...
2024-12-01 00:42:28,656 - INFO - Database connection successful
2024-12-01 00:42:28,656 - INFO - === Setting up database ===
2024-12-01 00:42:28,656 - INFO - Setting up database...
2024-12-01 00:42:30,365 - INFO - Database setup completed successfully
2024-12-01 00:42:30,365 - INFO - === Creating upload directories ===
2024-12-01 00:42:30,365 - INFO - Creating upload directories...
2024-12-01 00:42:30,365 - INFO - Created directory: static/uploads
2024-12-01 00:42:30,365 - INFO - Created directory: static/uploads/prescriptions
2024-12-01 00:42:30,365 - INFO - === Updating run configuration ===
2024-12-01 00:42:30,365 - INFO - Updating run configuration...
2024-12-01 00:42:30,366 - INFO - Run configuration updated successfully
2024-12-01 00:42:30,366 - INFO - === Verifying application status ===
2024-12-01 00:42:30,366 - INFO - Verifying application status...
2024-12-01 00:42:30,396 - INFO - Application is running successfully
2024-12-01 00:42:30,397 - INFO - === Deployment completed successfully ===
2024-12-01 00:42:30,397 - INFO - The application is ready to run on Replit!
2024-12-01 00:42:30,397 - INFO - Access it through the provided URL in your Replit workspace.
