2024-12-01 01:02:25,049 - INFO - [__main__] - === Starting Deployment Process ===
2024-12-01 01:02:25,050 - INFO - [__main__] - Deployment ID: 20241201_010225
2024-12-01 01:02:25,050 - INFO - [__main__] - Performing initial dependency check...
2024-12-01 01:02:25,050 - INFO - [__main__] - === Checking Service Dependencies ===
2024-12-01 01:02:25,419 - INFO - [__main__] - Database connection: OK
2024-12-01 01:02:25,420 - INFO - [__main__] - File system access: OK
2024-12-01 01:02:25,420 - INFO - [__main__] - Port 3000 is available
2024-12-01 01:02:25,420 - INFO - [__main__] - Environment variables: OK
2024-12-01 01:02:25,420 - INFO - [__main__] - === Dependencies Status Summary ===
2024-12-01 01:02:25,420 - INFO - [__main__] - Database: ✓
2024-12-01 01:02:25,421 - INFO - [__main__] - File System: ✓
2024-12-01 01:02:25,421 - INFO - [__main__] - Port Availability: ✓
2024-12-01 01:02:25,421 - INFO - [__main__] - Environment: ✓
2024-12-01 01:02:25,421 - INFO - [__main__] - === Executing: Checking environment variables ===
2024-12-01 01:02:25,421 - INFO - [__main__] - Started at: 01:02:25
2024-12-01 01:02:25,421 - INFO - [__main__] - All required environment variables are set
2024-12-01 01:02:25,421 - INFO - [__main__] - Completed at: 01:02:25
2024-12-01 01:02:25,421 - INFO - [__main__] - === Executing: Verifying database connection ===
2024-12-01 01:02:25,422 - INFO - [__main__] - Started at: 01:02:25
2024-12-01 01:02:25,422 - INFO - [__main__] - Verifying database connection...
2024-12-01 01:02:25,776 - INFO - [__main__] - Database connection successful
2024-12-01 01:02:25,776 - INFO - [__main__] - Completed at: 01:02:25
2024-12-01 01:02:25,776 - INFO - [__main__] - === Executing: Setting up database ===
2024-12-01 01:02:25,776 - INFO - [__main__] - Started at: 01:02:25
2024-12-01 01:02:25,776 - INFO - [__main__] - Setting up database...
2024-12-01 01:02:27,094 - INFO - [__main__] - Acquired application context
2024-12-01 01:02:27,094 - INFO - [__main__] - Database connection verified
2024-12-01 01:02:27,488 - INFO - [__main__] - Database tables creation initiated
2024-12-01 01:02:27,660 - INFO - [__main__] - Found tables: ['user', 'inventory_log', 'medication', 'consumption', 'prescription']
2024-12-01 01:02:28,046 - INFO - [__main__] - Table user columns: ['id', 'username', 'email', 'password_hash']
2024-12-01 01:02:28,258 - INFO - [__main__] - Table medication columns: ['id', 'name', 'dosage', 'frequency', 'current_stock', 'user_id', 'created_at', 'scheduled_time', 'max_daily_doses']
2024-12-01 01:02:28,471 - INFO - [__main__] - Table prescription columns: ['id', 'medication_id', 'file_name', 'file_path', 'upload_date', 'expiry_date', 'notes']
2024-12-01 01:02:28,682 - INFO - [__main__] - Table consumption columns: ['id', 'medication_id', 'taken_at', 'quantity', 'scheduled_time', 'status']
2024-12-01 01:02:28,894 - INFO - [__main__] - Table inventory_log columns: ['id', 'medication_id', 'quantity_change', 'operation_type', 'timestamp']
2024-12-01 01:02:28,895 - INFO - [__main__] - All required tables and structures verified
2024-12-01 01:02:28,895 - INFO - [__main__] - Completed at: 01:02:28
2024-12-01 01:02:28,895 - INFO - [__main__] - === Executing: Creating upload directories ===
2024-12-01 01:02:28,895 - INFO - [__main__] - Started at: 01:02:28
2024-12-01 01:02:28,895 - INFO - [__main__] - Creating upload directories...
2024-12-01 01:02:28,896 - INFO - [__main__] - Created directory: static/uploads
2024-12-01 01:02:28,896 - INFO - [__main__] - Created directory: static/uploads/prescriptions
2024-12-01 01:02:28,896 - INFO - [__main__] - Completed at: 01:02:28
2024-12-01 01:02:28,896 - INFO - [__main__] - === Executing: Starting Flask application ===
2024-12-01 01:02:28,896 - INFO - [__main__] - Started at: 01:02:28
2024-12-01 01:02:28,896 - INFO - [__main__] - Starting Flask application...
2024-12-01 01:02:30,897 - INFO - [__main__] - Flask application started successfully
2024-12-01 01:02:30,897 - INFO - [__main__] - Completed at: 01:02:30
2024-12-01 01:02:30,897 - INFO - [__main__] - === Executing: Verifying application status ===
2024-12-01 01:02:30,898 - INFO - [__main__] - Started at: 01:02:30
2024-12-01 01:02:30,898 - INFO - [__main__] - === Starting Application Verification ===
2024-12-01 01:02:30,898 - INFO - [__main__] - Stage 1: Initial connection check
2024-12-01 01:02:30,898 - INFO - [__main__] - Attempt 1/5 - Checking main endpoint
2024-12-01 01:02:32,417 - INFO - [__main__] - Response Status: 200
2024-12-01 01:02:32,418 - INFO - [__main__] - Response Headers: {'Server': 'Werkzeug/3.0.1 Python/3.11.9', 'Date': 'Sun, 01 Dec 2024 01:02:32 GMT', 'Content-Type': 'text/html; charset=utf-8', 'Content-Length': '4069', 'Vary': 'Cookie', 'Set-Cookie': 'session=eyJfZnJlc2giOmZhbHNlLCJjc3JmX3Rva2VuIjoiZGIyMWE2ODNlODZkMGJiOTQwOTJhYThiNDdmNTA3MTk3NTQ5Y2RjNyJ9.Z0u1qA.w5gVy2UdrJIpwC8GlDAzsym1qIw; HttpOnly; Path=/', 'Connection': 'close'}
2024-12-01 01:02:32,418 - INFO - [__main__] - Response Time: 0.015879s
2024-12-01 01:02:32,418 - INFO - [__main__] - Main endpoint check successful: OK
2024-12-01 01:02:32,426 - WARNING - [__main__] - Health check returned status 500
2024-12-01 01:02:32,427 - INFO - [__main__] - === Application Verification Completed Successfully ===
2024-12-01 01:02:32,427 - INFO - [__main__] - Completed at: 01:02:32
2024-12-01 01:02:32,427 - INFO - [__main__] - === Deployment Completed Successfully ===
2024-12-01 01:02:32,427 - INFO - [__main__] - Stage Summary:
2024-12-01 01:02:32,427 - INFO - [__main__] - ✓ Checking environment variables
2024-12-01 01:02:32,427 - INFO - [__main__] - ✓ Verifying database connection
2024-12-01 01:02:32,428 - INFO - [__main__] - ✓ Setting up database
2024-12-01 01:02:32,428 - INFO - [__main__] - ✓ Creating upload directories
2024-12-01 01:02:32,428 - INFO - [__main__] - ✓ Starting Flask application
2024-12-01 01:02:32,428 - INFO - [__main__] - ✓ Verifying application status
2024-12-01 01:02:32,428 - INFO - [__main__] - 
The application is ready to run!
2024-12-01 01:02:32,429 - INFO - [__main__] - Access it at http://localhost:3000
