2024-12-01 00:46:20,626 - INFO - [__main__] - === Starting Deployment Process ===
2024-12-01 00:46:20,627 - INFO - [__main__] - Deployment ID: 20241201_004620
2024-12-01 00:46:20,627 - INFO - [__main__] - Performing initial dependency check...
2024-12-01 00:46:20,627 - INFO - [__main__] - === Checking Service Dependencies ===
2024-12-01 00:46:20,973 - INFO - [__main__] - Database connection: OK
2024-12-01 00:46:20,974 - INFO - [__main__] - File system access: OK
2024-12-01 00:46:20,974 - INFO - [__main__] - Port 3000 is available
2024-12-01 00:46:20,974 - INFO - [__main__] - Environment variables: OK
2024-12-01 00:46:20,975 - INFO - [__main__] - === Dependencies Status Summary ===
2024-12-01 00:46:20,975 - INFO - [__main__] - Database: ✓
2024-12-01 00:46:20,975 - INFO - [__main__] - File System: ✓
2024-12-01 00:46:20,975 - INFO - [__main__] - Port Availability: ✓
2024-12-01 00:46:20,975 - INFO - [__main__] - Environment: ✓
2024-12-01 00:46:20,975 - INFO - [__main__] - === Executing: Checking environment variables ===
2024-12-01 00:46:20,975 - INFO - [__main__] - Started at: 00:46:20
2024-12-01 00:46:20,975 - INFO - [__main__] - All required environment variables are set
2024-12-01 00:46:20,975 - INFO - [__main__] - Completed at: 00:46:20
2024-12-01 00:46:20,975 - INFO - [__main__] - === Executing: Verifying database connection ===
2024-12-01 00:46:20,976 - INFO - [__main__] - Started at: 00:46:20
2024-12-01 00:46:20,976 - INFO - [__main__] - Verifying database connection...
2024-12-01 00:46:21,319 - INFO - [__main__] - Database connection successful
2024-12-01 00:46:21,320 - INFO - [__main__] - Completed at: 00:46:21
2024-12-01 00:46:21,320 - INFO - [__main__] - === Executing: Setting up database ===
2024-12-01 00:46:21,320 - INFO - [__main__] - Started at: 00:46:21
2024-12-01 00:46:21,320 - INFO - [__main__] - Setting up database...
2024-12-01 00:46:23,047 - INFO - [__main__] - Database setup completed successfully
2024-12-01 00:46:23,048 - INFO - [__main__] - Completed at: 00:46:23
2024-12-01 00:46:23,048 - INFO - [__main__] - === Executing: Creating upload directories ===
2024-12-01 00:46:23,048 - INFO - [__main__] - Started at: 00:46:23
2024-12-01 00:46:23,048 - INFO - [__main__] - Creating upload directories...
2024-12-01 00:46:23,048 - INFO - [__main__] - Created directory: static/uploads
2024-12-01 00:46:23,049 - INFO - [__main__] - Created directory: static/uploads/prescriptions
2024-12-01 00:46:23,049 - INFO - [__main__] - Completed at: 00:46:23
2024-12-01 00:46:23,049 - INFO - [__main__] - === Executing: Updating run configuration ===
2024-12-01 00:46:23,049 - INFO - [__main__] - Started at: 00:46:23
2024-12-01 00:46:23,049 - INFO - [__main__] - Updating run configuration...
2024-12-01 00:46:23,049 - INFO - [__main__] - Run configuration updated successfully
2024-12-01 00:46:23,050 - INFO - [__main__] - Completed at: 00:46:23
2024-12-01 00:46:23,050 - INFO - [__main__] - === Executing: Verifying application status ===
2024-12-01 00:46:23,050 - INFO - [__main__] - Started at: 00:46:23
2024-12-01 00:46:23,050 - INFO - [__main__] - === Starting Application Verification ===
2024-12-01 00:46:23,050 - INFO - [__main__] - Stage 1: Initial connection check
2024-12-01 00:46:23,050 - INFO - [__main__] - Attempt 1/5 - Checking main endpoint
2024-12-01 00:46:23,053 - ERROR - [__main__] - Attempt 1: Connection error: HTTPConnectionPool(host='localhost', port=3000): Max retries exceeded with url: / (Caused by NewConnectionError('<urllib3.connection.HTTPConnection object at 0x7fad43925b50>: Failed to establish a new connection: [Errno 111] Connection refused'))
2024-12-01 00:46:23,053 - INFO - [__main__] - Retrying in 2 seconds...
2024-12-01 00:46:25,054 - INFO - [__main__] - Attempt 2/5 - Checking main endpoint
2024-12-01 00:46:25,056 - ERROR - [__main__] - Attempt 2: Connection error: HTTPConnectionPool(host='localhost', port=3000): Max retries exceeded with url: / (Caused by NewConnectionError('<urllib3.connection.HTTPConnection object at 0x7fad4351ea50>: Failed to establish a new connection: [Errno 111] Connection refused'))
2024-12-01 00:46:25,056 - INFO - [__main__] - Retrying in 4 seconds...
2024-12-01 00:46:29,056 - INFO - [__main__] - Attempt 3/5 - Checking main endpoint
2024-12-01 00:46:29,058 - ERROR - [__main__] - Attempt 3: Connection error: HTTPConnectionPool(host='localhost', port=3000): Max retries exceeded with url: / (Caused by NewConnectionError('<urllib3.connection.HTTPConnection object at 0x7fad43534bd0>: Failed to establish a new connection: [Errno 111] Connection refused'))
2024-12-01 00:46:29,059 - INFO - [__main__] - Retrying in 6 seconds...
2024-12-01 00:46:35,059 - INFO - [__main__] - Attempt 4/5 - Checking main endpoint
2024-12-01 00:46:35,061 - ERROR - [__main__] - Attempt 4: Connection error: HTTPConnectionPool(host='localhost', port=3000): Max retries exceeded with url: / (Caused by NewConnectionError('<urllib3.connection.HTTPConnection object at 0x7fad43536b90>: Failed to establish a new connection: [Errno 111] Connection refused'))
2024-12-01 00:46:35,061 - INFO - [__main__] - Retrying in 8 seconds...
2024-12-01 00:46:43,062 - INFO - [__main__] - Attempt 5/5 - Checking main endpoint
2024-12-01 00:46:43,065 - ERROR - [__main__] - Attempt 5: Connection error: HTTPConnectionPool(host='localhost', port=3000): Max retries exceeded with url: / (Caused by NewConnectionError('<urllib3.connection.HTTPConnection object at 0x7fad43536390>: Failed to establish a new connection: [Errno 111] Connection refused'))
2024-12-01 00:46:43,065 - ERROR - [__main__] - Max retry attempts reached
2024-12-01 00:46:43,066 - INFO - [__main__] - Attempting recovery procedures...
2024-12-01 00:46:43,066 - INFO - [__main__] - Port 3000 is available
2024-12-01 00:46:43,066 - ERROR - [__main__] - === Application Verification Failed ===
2024-12-01 00:46:43,066 - ERROR - [__main__] - Step failed: Verifying application status
2024-12-01 00:46:43,066 - ERROR - [__main__] - === Deployment Failed ===
2024-12-01 00:46:43,066 - ERROR - [__main__] - Failed Steps:
2024-12-01 00:46:43,066 - ERROR - [__main__] - ✗ Verifying application status
2024-12-01 00:46:43,066 - ERROR - [__main__] - 
Please check the detailed logs in debug_20241201_004643.log
