2024-12-01 00:42:23,247 - INFO - Starting deployment process...
2024-12-01 00:42:23,247 - INFO - === Checking environment variables ===
2024-12-01 00:42:23,247 - INFO - All required environment variables are set
2024-12-01 00:42:23,247 - INFO - === Verifying database connection ===
2024-12-01 00:42:23,247 - INFO - Verifying database connection...
2024-12-01 00:42:23,591 - INFO - Database connection successful
2024-12-01 00:42:23,592 - INFO - === Setting up database ===
2024-12-01 00:42:23,592 - INFO - Setting up database...
2024-12-01 00:42:25,416 - INFO - Database setup completed successfully
2024-12-01 00:42:25,417 - INFO - === Creating upload directories ===
2024-12-01 00:42:25,417 - INFO - Creating upload directories...
2024-12-01 00:42:25,417 - INFO - Created directory: static/uploads
2024-12-01 00:42:25,417 - INFO - Created directory: static/uploads/prescriptions
2024-12-01 00:42:25,417 - INFO - === Updating run configuration ===
2024-12-01 00:42:25,417 - INFO - Updating run configuration...
2024-12-01 00:42:25,418 - INFO - Run configuration updated successfully
2024-12-01 00:42:25,418 - INFO - === Verifying application status ===
2024-12-01 00:42:25,418 - INFO - Verifying application status...
2024-12-01 00:42:25,452 - INFO - Application is running successfully
2024-12-01 00:42:25,453 - INFO - === Deployment completed successfully ===
2024-12-01 00:42:25,453 - INFO - The application is ready to run on Replit!
2024-12-01 00:42:25,453 - INFO - Access it through the provided URL in your Replit workspace.
