2024-12-01 00:42:04,776 - INFO - Starting deployment process...
2024-12-01 00:42:04,777 - INFO - === Checking environment variables ===
2024-12-01 00:42:04,777 - INFO - All required environment variables are set
2024-12-01 00:42:04,777 - INFO - === Verifying database connection ===
2024-12-01 00:42:04,777 - INFO - Verifying database connection...
2024-12-01 00:42:05,128 - INFO - Database connection successful
2024-12-01 00:42:05,129 - INFO - === Setting up database ===
2024-12-01 00:42:05,131 - INFO - Setting up database...
2024-12-01 00:42:06,948 - INFO - Database setup completed successfully
2024-12-01 00:42:06,949 - INFO - === Creating upload directories ===
2024-12-01 00:42:06,949 - INFO - Creating upload directories...
2024-12-01 00:42:06,949 - INFO - Created directory: static/uploads
2024-12-01 00:42:06,949 - INFO - Created directory: static/uploads/prescriptions
2024-12-01 00:42:06,949 - INFO - === Updating run configuration ===
2024-12-01 00:42:06,949 - INFO - Updating run configuration...
2024-12-01 00:42:06,949 - INFO - Run configuration updated successfully
2024-12-01 00:42:06,949 - INFO - === Verifying application status ===
2024-12-01 00:42:06,950 - INFO - Verifying application status...
2024-12-01 00:42:07,000 - INFO - Application is running successfully
2024-12-01 00:42:07,000 - INFO - === Deployment completed successfully ===
2024-12-01 00:42:07,000 - INFO - The application is ready to run on Replit!
2024-12-01 00:42:07,000 - INFO - Access it through the provided URL in your Replit workspace.
