2024-12-01 01:00:10,732 - INFO - [__main__] - === Starting Deployment Process ===
2024-12-01 01:00:10,732 - INFO - [__main__] - Deployment ID: 20241201_010010
2024-12-01 01:00:10,733 - WARNING - [__main__] - No existing Flask application to stop: name 'workflows_stop_tool' is not defined
2024-12-01 01:00:10,733 - INFO - [__main__] - Performing initial dependency check...
2024-12-01 01:00:10,733 - INFO - [__main__] - === Checking Service Dependencies ===
2024-12-01 01:00:11,079 - INFO - [__main__] - Database connection: OK
2024-12-01 01:00:11,080 - INFO - [__main__] - File system access: OK
2024-12-01 01:00:11,080 - INFO - [__main__] - Port 3000 is available
2024-12-01 01:00:11,080 - INFO - [__main__] - Environment variables: OK
2024-12-01 01:00:11,080 - INFO - [__main__] - === Dependencies Status Summary ===
2024-12-01 01:00:11,080 - INFO - [__main__] - Database: ✓
2024-12-01 01:00:11,081 - INFO - [__main__] - File System: ✓
2024-12-01 01:00:11,081 - INFO - [__main__] - Port Availability: ✓
2024-12-01 01:00:11,081 - INFO - [__main__] - Environment: ✓
2024-12-01 01:00:11,081 - INFO - [__main__] - === Executing: Checking environment variables ===
2024-12-01 01:00:11,081 - INFO - [__main__] - Started at: 01:00:11
2024-12-01 01:00:11,081 - INFO - [__main__] - All required environment variables are set
2024-12-01 01:00:11,081 - INFO - [__main__] - Completed at: 01:00:11
2024-12-01 01:00:11,082 - INFO - [__main__] - === Executing: Verifying database connection ===
2024-12-01 01:00:11,082 - INFO - [__main__] - Started at: 01:00:11
2024-12-01 01:00:11,082 - INFO - [__main__] - Verifying database connection...
2024-12-01 01:00:11,420 - INFO - [__main__] - Database connection successful
2024-12-01 01:00:11,421 - INFO - [__main__] - Completed at: 01:00:11
2024-12-01 01:00:11,421 - INFO - [__main__] - === Executing: Setting up database ===
2024-12-01 01:00:11,421 - INFO - [__main__] - Started at: 01:00:11
2024-12-01 01:00:11,421 - INFO - [__main__] - Setting up database...
2024-12-01 01:00:12,732 - INFO - [__main__] - Acquired application context
2024-12-01 01:00:12,733 - INFO - [__main__] - Database connection verified
2024-12-01 01:00:13,127 - INFO - [__main__] - Database tables creation initiated
2024-12-01 01:00:13,299 - INFO - [__main__] - Found tables: ['user', 'inventory_log', 'medication', 'consumption', 'prescription']
2024-12-01 01:00:13,685 - INFO - [__main__] - Table consumption columns: ['id', 'medication_id', 'taken_at', 'quantity', 'scheduled_time', 'status']
2024-12-01 01:00:13,898 - INFO - [__main__] - Table medication columns: ['id', 'name', 'dosage', 'frequency', 'current_stock', 'user_id', 'created_at', 'scheduled_time', 'max_daily_doses']
2024-12-01 01:00:14,115 - INFO - [__main__] - Table user columns: ['id', 'username', 'email', 'password_hash']
2024-12-01 01:00:14,326 - INFO - [__main__] - Table prescription columns: ['id', 'medication_id', 'file_name', 'file_path', 'upload_date', 'expiry_date', 'notes']
2024-12-01 01:00:14,538 - INFO - [__main__] - Table inventory_log columns: ['id', 'medication_id', 'quantity_change', 'operation_type', 'timestamp']
2024-12-01 01:00:14,538 - INFO - [__main__] - All required tables and structures verified
2024-12-01 01:00:14,539 - INFO - [__main__] - Completed at: 01:00:14
2024-12-01 01:00:14,539 - INFO - [__main__] - === Executing: Creating upload directories ===
2024-12-01 01:00:14,539 - INFO - [__main__] - Started at: 01:00:14
2024-12-01 01:00:14,539 - INFO - [__main__] - Creating upload directories...
2024-12-01 01:00:14,539 - INFO - [__main__] - Created directory: static/uploads
2024-12-01 01:00:14,539 - INFO - [__main__] - Created directory: static/uploads/prescriptions
2024-12-01 01:00:14,539 - INFO - [__main__] - Completed at: 01:00:14
2024-12-01 01:00:14,540 - INFO - [__main__] - === Executing: Starting Flask application ===
2024-12-01 01:00:14,540 - INFO - [__main__] - Started at: 01:00:14
2024-12-01 01:00:14,540 - INFO - [__main__] - Starting Flask application...
2024-12-01 01:00:14,540 - ERROR - [__main__] - Failed to configure Flask application: name 'workflows_set_run_config_tool' is not defined
2024-12-01 01:00:14,540 - ERROR - [__main__] - Step failed: Starting Flask application
2024-12-01 01:00:14,540 - ERROR - [__main__] - === Deployment Failed ===
2024-12-01 01:00:14,540 - ERROR - [__main__] - Failed Steps:
2024-12-01 01:00:14,540 - ERROR - [__main__] - ✗ Starting Flask application
2024-12-01 01:00:14,541 - ERROR - [__main__] - 
Please check the detailed logs in debug_20241201_010014.log
