2024-12-01 01:00:08,786 - INFO - [__main__] - === Starting Deployment Process ===
2024-12-01 01:00:08,786 - INFO - [__main__] - Deployment ID: 20241201_010008
2024-12-01 01:00:08,786 - WARNING - [__main__] - No existing Flask application to stop: name 'workflows_stop_tool' is not defined
2024-12-01 01:00:08,787 - INFO - [__main__] - Performing initial dependency check...
2024-12-01 01:00:08,787 - INFO - [__main__] - === Checking Service Dependencies ===
2024-12-01 01:00:09,145 - INFO - [__main__] - Database connection: OK
2024-12-01 01:00:09,146 - INFO - [__main__] - File system access: OK
2024-12-01 01:00:09,146 - INFO - [__main__] - Port 3000 is available
2024-12-01 01:00:09,146 - INFO - [__main__] - Environment variables: OK
2024-12-01 01:00:09,146 - INFO - [__main__] - === Dependencies Status Summary ===
2024-12-01 01:00:09,146 - INFO - [__main__] - Database: ✓
2024-12-01 01:00:09,146 - INFO - [__main__] - File System: ✓
2024-12-01 01:00:09,146 - INFO - [__main__] - Port Availability: ✓
2024-12-01 01:00:09,146 - INFO - [__main__] - Environment: ✓
2024-12-01 01:00:09,147 - INFO - [__main__] - === Executing: Checking environment variables ===
2024-12-01 01:00:09,147 - INFO - [__main__] - Started at: 01:00:09
2024-12-01 01:00:09,147 - INFO - [__main__] - All required environment variables are set
2024-12-01 01:00:09,147 - INFO - [__main__] - Completed at: 01:00:09
2024-12-01 01:00:09,147 - INFO - [__main__] - === Executing: Verifying database connection ===
2024-12-01 01:00:09,147 - INFO - [__main__] - Started at: 01:00:09
2024-12-01 01:00:09,147 - INFO - [__main__] - Verifying database connection...
2024-12-01 01:00:09,504 - INFO - [__main__] - Database connection successful
2024-12-01 01:00:09,505 - INFO - [__main__] - Completed at: 01:00:09
2024-12-01 01:00:09,505 - INFO - [__main__] - === Executing: Setting up database ===
2024-12-01 01:00:09,505 - INFO - [__main__] - Started at: 01:00:09
2024-12-01 01:00:09,505 - INFO - [__main__] - Setting up database...
