2024-12-01 01:02:18,634 - INFO - [__main__] - === Starting Deployment Process ===
2024-12-01 01:02:18,634 - INFO - [__main__] - Deployment ID: 20241201_010218
2024-12-01 01:02:18,635 - INFO - [__main__] - Performing initial dependency check...
2024-12-01 01:02:18,635 - INFO - [__main__] - === Checking Service Dependencies ===
2024-12-01 01:02:19,002 - INFO - [__main__] - Database connection: OK
2024-12-01 01:02:19,003 - INFO - [__main__] - File system access: OK
2024-12-01 01:02:19,003 - INFO - [__main__] - Port 3000 is available
2024-12-01 01:02:19,003 - INFO - [__main__] - Environment variables: OK
2024-12-01 01:02:19,003 - INFO - [__main__] - === Dependencies Status Summary ===
2024-12-01 01:02:19,003 - INFO - [__main__] - Database: ✓
2024-12-01 01:02:19,003 - INFO - [__main__] - File System: ✓
2024-12-01 01:02:19,003 - INFO - [__main__] - Port Availability: ✓
2024-12-01 01:02:19,004 - INFO - [__main__] - Environment: ✓
2024-12-01 01:02:19,004 - INFO - [__main__] - === Executing: Checking environment variables ===
2024-12-01 01:02:19,004 - INFO - [__main__] - Started at: 01:02:19
2024-12-01 01:02:19,004 - INFO - [__main__] - All required environment variables are set
2024-12-01 01:02:19,005 - INFO - [__main__] - Completed at: 01:02:19
2024-12-01 01:02:19,005 - INFO - [__main__] - === Executing: Verifying database connection ===
2024-12-01 01:02:19,005 - INFO - [__main__] - Started at: 01:02:19
2024-12-01 01:02:19,005 - INFO - [__main__] - Verifying database connection...
2024-12-01 01:02:19,351 - INFO - [__main__] - Database connection successful
2024-12-01 01:02:19,351 - INFO - [__main__] - Completed at: 01:02:19
2024-12-01 01:02:19,351 - INFO - [__main__] - === Executing: Setting up database ===
2024-12-01 01:02:19,351 - INFO - [__main__] - Started at: 01:02:19
2024-12-01 01:02:19,351 - INFO - [__main__] - Setting up database...
2024-12-01 01:02:20,690 - INFO - [__main__] - Acquired application context
2024-12-01 01:02:20,690 - INFO - [__main__] - Database connection verified
2024-12-01 01:02:21,085 - INFO - [__main__] - Database tables creation initiated
2024-12-01 01:02:21,256 - INFO - [__main__] - Found tables: ['user', 'inventory_log', 'medication', 'consumption', 'prescription']
2024-12-01 01:02:21,646 - INFO - [__main__] - Table prescription columns: ['id', 'medication_id', 'file_name', 'file_path', 'upload_date', 'expiry_date', 'notes']
2024-12-01 01:02:21,858 - INFO - [__main__] - Table medication columns: ['id', 'name', 'dosage', 'frequency', 'current_stock', 'user_id', 'created_at', 'scheduled_time', 'max_daily_doses']
2024-12-01 01:02:22,070 - INFO - [__main__] - Table consumption columns: ['id', 'medication_id', 'taken_at', 'quantity', 'scheduled_time', 'status']
2024-12-01 01:02:22,282 - INFO - [__main__] - Table user columns: ['id', 'username', 'email', 'password_hash']
2024-12-01 01:02:22,494 - INFO - [__main__] - Table inventory_log columns: ['id', 'medication_id', 'quantity_change', 'operation_type', 'timestamp']
2024-12-01 01:02:22,495 - INFO - [__main__] - All required tables and structures verified
2024-12-01 01:02:22,502 - INFO - [__main__] - Completed at: 01:02:22
2024-12-01 01:02:22,502 - INFO - [__main__] - === Executing: Creating upload directories ===
2024-12-01 01:02:22,502 - INFO - [__main__] - Started at: 01:02:22
2024-12-01 01:02:22,502 - INFO - [__main__] - Creating upload directories...
2024-12-01 01:02:22,503 - INFO - [__main__] - Created directory: static/uploads
2024-12-01 01:02:22,503 - INFO - [__main__] - Created directory: static/uploads/prescriptions
2024-12-01 01:02:22,503 - INFO - [__main__] - Completed at: 01:02:22
2024-12-01 01:02:22,503 - INFO - [__main__] - === Executing: Starting Flask application ===
2024-12-01 01:02:22,503 - INFO - [__main__] - Started at: 01:02:22
2024-12-01 01:02:22,503 - INFO - [__main__] - Starting Flask application...
