2024-12-01 00:47:37,197 - INFO - [__main__] - === Starting Deployment Process ===
2024-12-01 00:47:37,197 - INFO - [__main__] - Deployment ID: 20241201_004737
2024-12-01 00:47:37,197 - INFO - [__main__] - Performing initial dependency check...
2024-12-01 00:47:37,197 - INFO - [__main__] - === Checking Service Dependencies ===
2024-12-01 00:47:37,541 - INFO - [__main__] - Database connection: OK
2024-12-01 00:47:37,541 - INFO - [__main__] - File system access: OK
2024-12-01 00:47:37,542 - INFO - [__main__] - Port 3000 is available
2024-12-01 00:47:37,542 - INFO - [__main__] - Environment variables: OK
2024-12-01 00:47:37,542 - INFO - [__main__] - === Dependencies Status Summary ===
2024-12-01 00:47:37,542 - INFO - [__main__] - Database: ✓
2024-12-01 00:47:37,542 - INFO - [__main__] - File System: ✓
2024-12-01 00:47:37,542 - INFO - [__main__] - Port Availability: ✓
2024-12-01 00:47:37,542 - INFO - [__main__] - Environment: ✓
2024-12-01 00:47:37,543 - INFO - [__main__] - === Executing: Checking environment variables ===
2024-12-01 00:47:37,543 - INFO - [__main__] - Started at: 00:47:37
2024-12-01 00:47:37,543 - INFO - [__main__] - All required environment variables are set
2024-12-01 00:47:37,543 - INFO - [__main__] - Completed at: 00:47:37
2024-12-01 00:47:37,543 - INFO - [__main__] - === Executing: Verifying database connection ===
2024-12-01 00:47:37,543 - INFO - [__main__] - Started at: 00:47:37
2024-12-01 00:47:37,544 - INFO - [__main__] - Verifying database connection...
2024-12-01 00:47:37,888 - INFO - [__main__] - Database connection successful
2024-12-01 00:47:37,888 - INFO - [__main__] - Completed at: 00:47:37
2024-12-01 00:47:37,888 - INFO - [__main__] - === Executing: Setting up database ===
2024-12-01 00:47:37,889 - INFO - [__main__] - Started at: 00:47:37
2024-12-01 00:47:37,889 - INFO - [__main__] - Setting up database...
2024-12-01 00:47:37,889 - ERROR - [__main__] - Unexpected error during database setup: No module named 'execute_sql_tool'
2024-12-01 00:47:37,889 - ERROR - [__main__] - Stack trace:
Traceback (most recent call last):
  File "/home/runner/MediTrackPlus/deploy.py", line 117, in setup_database
    from execute_sql_tool import execute_sql_tool
ModuleNotFoundError: No module named 'execute_sql_tool'
2024-12-01 00:47:37,890 - ERROR - [__main__] - Step failed: Setting up database
2024-12-01 00:47:37,890 - ERROR - [__main__] - === Deployment Failed ===
2024-12-01 00:47:37,890 - ERROR - [__main__] - Failed Steps:
2024-12-01 00:47:37,890 - ERROR - [__main__] - ✗ Setting up database
2024-12-01 00:47:37,890 - ERROR - [__main__] - 
Please check the detailed logs in debug_20241201_004737.log
