2024-12-01 00:42:00,458 - INFO - Starting deployment process...
2024-12-01 00:42:00,458 - INFO - === Checking environment variables ===
2024-12-01 00:42:00,458 - INFO - All required environment variables are set
2024-12-01 00:42:00,458 - INFO - === Verifying database connection ===
2024-12-01 00:42:00,459 - INFO - Verifying database connection...
2024-12-01 00:42:00,815 - INFO - Database connection successful
2024-12-01 00:42:00,816 - INFO - === Setting up database ===
2024-12-01 00:42:00,816 - INFO - Setting up database...
2024-12-01 00:42:02,596 - INFO - Database setup completed successfully
2024-12-01 00:42:02,597 - INFO - === Creating upload directories ===
2024-12-01 00:42:02,597 - INFO - Creating upload directories...
2024-12-01 00:42:02,597 - INFO - Created directory: static/uploads
2024-12-01 00:42:02,597 - INFO - Created directory: static/uploads/prescriptions
2024-12-01 00:42:02,597 - INFO - === Updating run configuration ===
2024-12-01 00:42:02,598 - INFO - Updating run configuration...
2024-12-01 00:42:02,598 - INFO - Run configuration updated successfully
2024-12-01 00:42:02,598 - INFO - === Verifying application status ===
2024-12-01 00:42:02,598 - INFO - Verifying application status...
2024-12-01 00:42:02,627 - INFO - Application is running successfully
2024-12-01 00:42:02,627 - INFO - === Deployment completed successfully ===
2024-12-01 00:42:02,628 - INFO - The application is ready to run on Replit!
2024-12-01 00:42:02,628 - INFO - Access it through the provided URL in your Replit workspace.
